#-----------------------------------------------------------
# Vivado v2016.4 (64-bit)
# SW Build 1756540 on Mon Jan 23 19:11:23 MST 2017
# IP Build 1755317 on Mon Jan 23 20:30:07 MST 2017
# Start of session at: Sat Feb 25 07:24:25 2017
# Process ID: 13784
# Current directory: C:/Users/Cindy Chong/Desktop/EE361/Lab4.1A
# Command line: vivado.exe -gui_launcher_event rodinguilauncherevent13672 C:\Users\Cindy Chong\Desktop\EE361\Lab4.1A\Lab4.1A.xpr
# Log file: C:/Users/Cindy Chong/Desktop/EE361/Lab4.1A/vivado.log
# Journal file: C:/Users/Cindy Chong/Desktop/EE361/Lab4.1A\vivado.jou
#-----------------------------------------------------------
start_gui
open_project {C:/Users/Cindy Chong/Desktop/EE361/Lab4.1A/Lab4.1A.xpr}
INFO: [Project 1-313] Project file moved from 'C:/Users/wendy.chong/Lab4.1A' since last save.
CRITICAL WARNING: [Project 1-311] Could not find the file 'C:/Users/Cindy Chong/Desktop/EE361/Desktop/Basys3_Master.xdc', nor could it be found using path 'C:/Users/wendy.chong/Desktop/Basys3_Master.xdc'.
Scanning sources...
Finished scanning sources
INFO: [Project 1-230] Project 'Lab4.1A.xpr' upgraded for this version of Vivado.
INFO: [IP_Flow 19-234] Refreshing IP repositories
INFO: [IP_Flow 19-1704] No user IP repositories specified
INFO: [IP_Flow 19-2313] Loaded Vivado IP repository 'C:/Xilinx/Vivado/2016.4/data/ip'.
file mkdir C:/Users/Cindy Chong/Desktop/EE361/Lab4.1A/Lab4.1A.srcs/constrs_1
can't create directory "C:/Users/Cindy": permission denied
file mkdir C:/Users/Cindy Chong/Desktop/EE361/Lab4.1A/Lab4.1A.srcs/constrs_1
can't create directory "C:/Users/Cindy": permission denied
file mkdir C:/Users/Cindy Chong/Desktop/EE361/Lab4.1A/Lab4.1A.srcs/constrs_1/new
can't create directory "C:/Users/Cindy": permission denied
file mkdir C:/Users/Cindy Chong/Desktop/EE361/Lab4.1A/Lab4.1A.srcs/constrs_1/new
can't create directory "C:/Users/Cindy": permission denied
file mkdir C:/Users/Cindy Chong/Desktop/EE361/Lab4.1A/Lab4.1A.srcs/constrs_1/new
can't create directory "C:/Users/Cindy": permission denied
file mkdir C:/Users/Cindy Chong/Desktop/EE361/Lab4.1A/Lab4.1A.srcs/constrs_1/new
can't create directory "C:/Users/Cindy": permission denied
file mkdir C:/Users/Cindy Chong/Desktop/EE361/Lab4.1A/Lab4.1A.srcs/constrs_1
can't create directory "C:/Users/Cindy": permission denied
file mkdir {C:/Users/Cindy Chong/Desktop/EE361/Lab4.1A/Lab4.1A.srcs/constrs_1/new}
close [ open {C:/Users/Cindy Chong/Desktop/EE361/Lab4.1A/Lab4.1A.srcs/constrs_1/new/Basys3_Master.xdc} w ]
add_files -fileset constrs_1 {{C:/Users/Cindy Chong/Desktop/EE361/Lab4.1A/Lab4.1A.srcs/constrs_1/new/Basys3_Master.xdc}}
remove_files  -fileset constrs_1 {{C:/Users/Cindy Chong/Desktop/EE361/Desktop/Basys3_Master.xdc}}
reset_run synth_1
launch_runs synth_1 -jobs 2
INFO: [HDL 9-2216] Analyzing Verilog file "C:/Users/Cindy Chong/Desktop/EE361/Lab4.1A/Lab4.1A.srcs/sources_1/new/test.v" into library work [C:/Users/Cindy Chong/Desktop/EE361/Lab4.1A/Lab4.1A.srcs/sources_1/new/test.v:1]
[Sat Feb 25 07:28:43 2017] Launched synth_1...
Run output will be captured here: C:/Users/Cindy Chong/Desktop/EE361/Lab4.1A/Lab4.1A.runs/synth_1/runme.log
open_run synth_1 -name synth_1
Design is defaulting to impl run constrset: constrs_1
Design is defaulting to synth run part: xc7a35tcpg236-1
INFO: [Netlist 29-17] Analyzing 2 Unisim elements for replacement
INFO: [Netlist 29-28] Unisim Transformation completed in 0 CPU seconds
INFO: [Project 1-479] Netlist was created with Vivado 2016.4
INFO: [Device 21-403] Loading part xc7a35tcpg236-1
INFO: [Project 1-570] Preparing netlist for logic optimization
Parsing XDC File [C:/Users/Cindy Chong/Desktop/EE361/Lab4.1A/Lab4.1A.srcs/constrs_1/new/Basys3_Master.xdc]
Finished Parsing XDC File [C:/Users/Cindy Chong/Desktop/EE361/Lab4.1A/Lab4.1A.srcs/constrs_1/new/Basys3_Master.xdc]
INFO: [Opt 31-138] Pushed 0 inverter(s) to 0 load pin(s).
INFO: [Project 1-111] Unisim Transformation Summary:
No Unisim elements were transformed.

open_run: Time (s): cpu = 00:00:08 ; elapsed = 00:00:06 . Memory (MB): peak = 1088.566 ; gain = 267.914
startgroup
set_property BITSTREAM.CONFIG.CONFIGRATE 33 [get_designs synth_1]
set_property config_mode SPIx4 [current_design]
endgroup
set_property target_constrs_file {C:/Users/Cindy Chong/Desktop/EE361/Lab4.1A/Lab4.1A.srcs/constrs_1/new/Basys3_Master.xdc} [current_fileset -constrset]
save_constraints -force
launch_runs impl_1 -jobs 2
Writing placer database...
Writing XDEF routing.
Writing XDEF routing logical nets.
Writing XDEF routing special nets.
Write XDEF Complete: Time (s): cpu = 00:00:00 ; elapsed = 00:00:00.030 . Memory (MB): peak = 1482.207 ; gain = 0.000
[Sat Feb 25 07:30:21 2017] Launched impl_1...
Run output will be captured here: C:/Users/Cindy Chong/Desktop/EE361/Lab4.1A/Lab4.1A.runs/impl_1/runme.log
launch_runs impl_1 -to_step write_bitstream -jobs 2
[Sat Feb 25 07:31:13 2017] Launched impl_1...
Run output will be captured here: C:/Users/Cindy Chong/Desktop/EE361/Lab4.1A/Lab4.1A.runs/impl_1/runme.log
open_hw
connect_hw_server -url localhost:3121
INFO: [Labtools 27-2285] Connecting to hw_server url TCP:localhost:3121
current_hw_target [get_hw_targets */xilinx_tcf/Digilent/210183698654A]
set_property PARAM.FREQUENCY 30000000 [get_hw_targets */xilinx_tcf/Digilent/210183698654A]
open_hw_target
INFO: [Labtoolstcl 44-466] Opening hw_target localhost:3121/xilinx_tcf/Digilent/210183698654A
set_property PROGRAM.FILE {C:/Users/Cindy Chong/Desktop/EE361/Lab4.1A/Lab4.1A.runs/impl_1/test.bit} [lindex [get_hw_devices xc7a35t_0] 0]
current_hw_device [lindex [get_hw_devices xc7a35t_0] 0]
refresh_hw_device -update_hw_probes false [lindex [get_hw_devices xc7a35t_0] 0]
INFO: [Labtools 27-1434] Device xc7a35t (JTAG device index = 0) is programmed with a design that has no supported debug core(s) in it.
WARNING: [Labtools 27-3123] The debug hub core was not detected at User Scan Chain 1 or 3.
Resolution: 
1. Make sure the clock connected to the debug hub (dbg_hub) core is a free running clock and is active OR
2. Manually launch hw_server with -e "set xsdb-user-bscan <C_USER_SCAN_CHAIN scan_chain_number>" to detect the debug hub at User Scan Chain of 2 or 4. To determine the user scan chain setting, open the implemented design and use: get_property C_USER_SCAN_CHAIN [get_debug_cores dbg_hub].
set_property PROBES.FILE {} [lindex [get_hw_devices xc7a35t_0] 0]
set_property PROGRAM.FILE {C:/Users/Cindy Chong/Desktop/EE361/Lab4.1A/Lab4.1A.runs/impl_1/test.bit} [lindex [get_hw_devices xc7a35t_0] 0]
program_hw_devices [lindex [get_hw_devices xc7a35t_0] 0]
INFO: [Labtools 27-3164] End of startup status: HIGH
refresh_hw_device [lindex [get_hw_devices xc7a35t_0] 0]
INFO: [Labtools 27-1434] Device xc7a35t (JTAG device index = 0) is programmed with a design that has no supported debug core(s) in it.
WARNING: [Labtools 27-3123] The debug hub core was not detected at User Scan Chain 1 or 3.
Resolution: 
1. Make sure the clock connected to the debug hub (dbg_hub) core is a free running clock and is active OR
2. Manually launch hw_server with -e "set xsdb-user-bscan <C_USER_SCAN_CHAIN scan_chain_number>" to detect the debug hub at User Scan Chain of 2 or 4. To determine the user scan chain setting, open the implemented design and use: get_property C_USER_SCAN_CHAIN [get_debug_cores dbg_hub].
WARNING: [Labtoolstcl 44-130] No matching hw_ilas were found.
WARNING: [Labtoolstcl 44-130] No matching hw_ilas were found.
WARNING: [Labtoolstcl 44-130] No matching hw_ilas were found.
WARNING: [Labtoolstcl 44-130] No matching hw_ilas were found.
connect_debug_port dbg_hub/clk [get_nets <clock_net_name>]
WARNING: [Vivado 12-507] No nets matched '<clock_net_name>'.
ERROR: [Vivado 12-1419] Debug core 'dbg_hub' was not found.
open_run impl_1
INFO: [Netlist 29-17] Analyzing 2 Unisim elements for replacement
INFO: [Netlist 29-28] Unisim Transformation completed in 0 CPU seconds
INFO: [Project 1-479] Netlist was created with Vivado 2016.4
INFO: [Project 1-570] Preparing netlist for logic optimization
Parsing XDC File [C:/Users/Cindy Chong/Desktop/EE361/Lab4.1A/.Xil/Vivado-13784-DESKTOP-M6LLH3H/dcp/test.xdc]
Finished Parsing XDC File [C:/Users/Cindy Chong/Desktop/EE361/Lab4.1A/.Xil/Vivado-13784-DESKTOP-M6LLH3H/dcp/test.xdc]
Reading XDEF placement.
Reading placer database...
Reading XDEF routing.
Read XDEF File: Time (s): cpu = 00:00:00 ; elapsed = 00:00:00.020 . Memory (MB): peak = 1672.191 ; gain = 0.000
Restored from archive | CPU: 0.000000 secs | Memory: 0.000000 MB |
Finished XDEF File Restore: Time (s): cpu = 00:00:00 ; elapsed = 00:00:00.020 . Memory (MB): peak = 1672.191 ; gain = 0.000
INFO: [Project 1-111] Unisim Transformation Summary:
No Unisim elements were transformed.

WARNING: [Timing 38-313] There are no user specified timing constraints. Timing constraints are needed for proper timing analysis.
reset_run synth_1
launch_runs impl_1 -jobs 2
WARNING: [Project 1-478] Design 'synth_1' is stale and will not be used when launching 'impl_1'
[Sat Feb 25 07:36:21 2017] Launched synth_1...
Run output will be captured here: C:/Users/Cindy Chong/Desktop/EE361/Lab4.1A/Lab4.1A.runs/synth_1/runme.log
[Sat Feb 25 07:36:21 2017] Launched impl_1...
Run output will be captured here: C:/Users/Cindy Chong/Desktop/EE361/Lab4.1A/Lab4.1A.runs/impl_1/runme.log
reset_run synth_1
launch_runs impl_1 -to_step write_bitstream -jobs 2
WARNING: [Project 1-478] Design 'synth_1' is stale and will not be used when launching 'impl_1'
[Sat Feb 25 07:37:42 2017] Launched synth_1...
Run output will be captured here: C:/Users/Cindy Chong/Desktop/EE361/Lab4.1A/Lab4.1A.runs/synth_1/runme.log
[Sat Feb 25 07:37:42 2017] Launched impl_1...
Run output will be captured here: C:/Users/Cindy Chong/Desktop/EE361/Lab4.1A/Lab4.1A.runs/impl_1/runme.log
disconnect_hw_server localhost:3121
connect_hw_server -url localhost:3121
INFO: [Labtools 27-2285] Connecting to hw_server url TCP:localhost:3121
current_hw_target [get_hw_targets */xilinx_tcf/Digilent/210183698654A]
set_property PARAM.FREQUENCY 30000000 [get_hw_targets */xilinx_tcf/Digilent/210183698654A]
open_hw_target
INFO: [Labtoolstcl 44-466] Opening hw_target localhost:3121/xilinx_tcf/Digilent/210183698654A
set_property PROGRAM.FILE {C:/Users/Cindy Chong/Desktop/EE361/Lab4.1A/Lab4.1A.runs/impl_1/test.bit} [lindex [get_hw_devices xc7a35t_0] 0]
current_hw_device [lindex [get_hw_devices xc7a35t_0] 0]
refresh_hw_device -update_hw_probes false [lindex [get_hw_devices xc7a35t_0] 0]
INFO: [Labtools 27-1434] Device xc7a35t (JTAG device index = 0) is programmed with a design that has no supported debug core(s) in it.
WARNING: [Labtools 27-3123] The debug hub core was not detected at User Scan Chain 1 or 3.
Resolution: 
1. Make sure the clock connected to the debug hub (dbg_hub) core is a free running clock and is active OR
2. Manually launch hw_server with -e "set xsdb-user-bscan <C_USER_SCAN_CHAIN scan_chain_number>" to detect the debug hub at User Scan Chain of 2 or 4. To determine the user scan chain setting, open the implemented design and use: get_property C_USER_SCAN_CHAIN [get_debug_cores dbg_hub].
set_property PROBES.FILE {} [lindex [get_hw_devices xc7a35t_0] 0]
set_property PROGRAM.FILE {C:/Users/Cindy Chong/Desktop/EE361/Lab4.1A/Lab4.1A.runs/impl_1/test.bit} [lindex [get_hw_devices xc7a35t_0] 0]
program_hw_devices [lindex [get_hw_devices xc7a35t_0] 0]
INFO: [Labtools 27-3164] End of startup status: HIGH
refresh_hw_device [lindex [get_hw_devices xc7a35t_0] 0]
INFO: [Labtools 27-1434] Device xc7a35t (JTAG device index = 0) is programmed with a design that has no supported debug core(s) in it.
WARNING: [Labtools 27-3123] The debug hub core was not detected at User Scan Chain 1 or 3.
Resolution: 
1. Make sure the clock connected to the debug hub (dbg_hub) core is a free running clock and is active OR
2. Manually launch hw_server with -e "set xsdb-user-bscan <C_USER_SCAN_CHAIN scan_chain_number>" to detect the debug hub at User Scan Chain of 2 or 4. To determine the user scan chain setting, open the implemented design and use: get_property C_USER_SCAN_CHAIN [get_debug_cores dbg_hub].
WARNING: [Labtoolstcl 44-130] No matching hw_ilas were found.
WARNING: [Labtoolstcl 44-130] No matching hw_ilas were found.
WARNING: [Labtoolstcl 44-130] No matching hw_ilas were found.
WARNING: [Labtoolstcl 44-130] No matching hw_ilas were found.
reset_run synth_1
launch_runs synth_1 -jobs 2
INFO: [HDL 9-2216] Analyzing Verilog file "C:/Users/Cindy Chong/Desktop/EE361/Lab4.1A/Lab4.1A.srcs/sources_1/new/test.v" into library work [C:/Users/Cindy Chong/Desktop/EE361/Lab4.1A/Lab4.1A.srcs/sources_1/new/test.v:1]
[Sat Feb 25 07:40:03 2017] Launched synth_1...
Run output will be captured here: C:/Users/Cindy Chong/Desktop/EE361/Lab4.1A/Lab4.1A.runs/synth_1/runme.log
launch_runs impl_1 -jobs 2
WARNING: [Project 1-478] Design 'synth_1' is stale and will not be used when launching 'impl_1'
[Sat Feb 25 07:40:34 2017] Launched impl_1...
Run output will be captured here: C:/Users/Cindy Chong/Desktop/EE361/Lab4.1A/Lab4.1A.runs/impl_1/runme.log
launch_runs impl_1 -to_step write_bitstream -jobs 2
[Sat Feb 25 07:41:33 2017] Launched impl_1...
Run output will be captured here: C:/Users/Cindy Chong/Desktop/EE361/Lab4.1A/Lab4.1A.runs/impl_1/runme.log
set_property PROBES.FILE {} [lindex [get_hw_devices xc7a35t_0] 0]
set_property PROGRAM.FILE {C:/Users/Cindy Chong/Desktop/EE361/Lab4.1A/Lab4.1A.runs/impl_1/test.bit} [lindex [get_hw_devices xc7a35t_0] 0]
program_hw_devices [lindex [get_hw_devices xc7a35t_0] 0]
INFO: [Labtools 27-3164] End of startup status: HIGH
refresh_hw_device [lindex [get_hw_devices xc7a35t_0] 0]
INFO: [Labtools 27-1434] Device xc7a35t (JTAG device index = 0) is programmed with a design that has no supported debug core(s) in it.
WARNING: [Labtools 27-3123] The debug hub core was not detected at User Scan Chain 1 or 3.
Resolution: 
1. Make sure the clock connected to the debug hub (dbg_hub) core is a free running clock and is active OR
2. Manually launch hw_server with -e "set xsdb-user-bscan <C_USER_SCAN_CHAIN scan_chain_number>" to detect the debug hub at User Scan Chain of 2 or 4. To determine the user scan chain setting, open the implemented design and use: get_property C_USER_SCAN_CHAIN [get_debug_cores dbg_hub].
WARNING: [Labtoolstcl 44-130] No matching hw_ilas were found.
WARNING: [Labtoolstcl 44-130] No matching hw_ilas were found.
WARNING: [Labtoolstcl 44-130] No matching hw_ilas were found.
WARNING: [Labtoolstcl 44-130] No matching hw_ilas were found.
disconnect_hw_server localhost:3121
connect_hw_server -url localhost:3121
INFO: [Labtools 27-2285] Connecting to hw_server url TCP:localhost:3121
current_hw_target [get_hw_targets */xilinx_tcf/Digilent/210183698654A]
set_property PARAM.FREQUENCY 30000000 [get_hw_targets */xilinx_tcf/Digilent/210183698654A]
open_hw_target
INFO: [Labtoolstcl 44-466] Opening hw_target localhost:3121/xilinx_tcf/Digilent/210183698654A
set_property PROGRAM.FILE {C:/Users/Cindy Chong/Desktop/EE361/Lab4.1A/Lab4.1A.runs/impl_1/test.bit} [lindex [get_hw_devices xc7a35t_0] 0]
current_hw_device [lindex [get_hw_devices xc7a35t_0] 0]
refresh_hw_device -update_hw_probes false [lindex [get_hw_devices xc7a35t_0] 0]
INFO: [Labtools 27-1434] Device xc7a35t (JTAG device index = 0) is programmed with a design that has no supported debug core(s) in it.
WARNING: [Labtools 27-3123] The debug hub core was not detected at User Scan Chain 1 or 3.
Resolution: 
1. Make sure the clock connected to the debug hub (dbg_hub) core is a free running clock and is active OR
2. Manually launch hw_server with -e "set xsdb-user-bscan <C_USER_SCAN_CHAIN scan_chain_number>" to detect the debug hub at User Scan Chain of 2 or 4. To determine the user scan chain setting, open the implemented design and use: get_property C_USER_SCAN_CHAIN [get_debug_cores dbg_hub].
set_property PROBES.FILE {} [lindex [get_hw_devices xc7a35t_0] 0]
set_property PROGRAM.FILE {C:/Users/Cindy Chong/Desktop/EE361/Lab4.1A/Lab4.1A.runs/impl_1/test.bit} [lindex [get_hw_devices xc7a35t_0] 0]
program_hw_devices [lindex [get_hw_devices xc7a35t_0] 0]
INFO: [Labtools 27-3164] End of startup status: HIGH
refresh_hw_device [lindex [get_hw_devices xc7a35t_0] 0]
INFO: [Labtools 27-1434] Device xc7a35t (JTAG device index = 0) is programmed with a design that has no supported debug core(s) in it.
WARNING: [Labtools 27-3123] The debug hub core was not detected at User Scan Chain 1 or 3.
Resolution: 
1. Make sure the clock connected to the debug hub (dbg_hub) core is a free running clock and is active OR
2. Manually launch hw_server with -e "set xsdb-user-bscan <C_USER_SCAN_CHAIN scan_chain_number>" to detect the debug hub at User Scan Chain of 2 or 4. To determine the user scan chain setting, open the implemented design and use: get_property C_USER_SCAN_CHAIN [get_debug_cores dbg_hub].
WARNING: [Labtoolstcl 44-130] No matching hw_ilas were found.
WARNING: [Labtoolstcl 44-130] No matching hw_ilas were found.
WARNING: [Labtoolstcl 44-130] No matching hw_ilas were found.
WARNING: [Labtoolstcl 44-130] No matching hw_ilas were found.
exit
INFO: [Common 17-206] Exiting Vivado at Sat Feb 25 07:43:22 2017...
